<?xml version="1.0" encoding="UTF-8"?>
<!-- Generated by org.testng.reporters.JUnitReportReporter -->
<testsuite skipped="0" hostname="Asele4ka.local" name="com.syntax.class2.AllAnnotations" tests="2" failures="0" timestamp="2020-08-30T14:25:37 EDT" time="0.008" errors="0">
  <testcase name="testMethod" time="0.001" classname="com.syntax.class2.AllAnnotations"/>
  <system-out/>
  <testcase name="testMethod" time="0.007" classname="com.syntax.class2.AllAnnotations"/>
  <system-out/>
</testsuite> <!-- com.syntax.class2.AllAnnotations -->
